# JRE version: Java(TM) SE Runtime Environment (8.0_91-b15) (build 1.8.0_91-b15)
# Java VM: Java HotSpot(TM) 64-Bit Server VM (25.91-b15 mixed mode windows-amd64 compressed oops)
Heap:
 PSYoungGen      total 241152K, used 101026K [0x00000000eab00000, 0x00000000fad80000, 0x0000000100000000)
  eden space 223744K, 45% used [0x00000000eab00000,0x00000000f0da8898,0x00000000f8580000)
  from space 17408K, 0% used [0x00000000f9880000,0x00000000f9880000,0x00000000fa980000)
  to   space 19456K, 0% used [0x00000000f8580000,0x00000000f8580000,0x00000000f9880000)
 ParOldGen       total 101376K, used 49085K [0x00000000c0000000, 0x00000000c6300000, 0x00000000eab00000)
  object space 101376K, 48% used [0x00000000c0000000,0x00000000c2fef640,0x00000000c6300000)
 Metaspace       used 47707K, capacity 50242K, committed 50392K, reserved 1091584K
  class space    used 6435K, capacity 7336K, committed 7424K, reserved 1048576K
GC Heap History (10 events):
Event: 19.965 GC heap before
{Heap before GC invocations=13 (full 1):
 PSYoungGen      total 137216K, used 67882K [0x00000000eab00000, 0x00000000f6f00000, 0x0000000100000000)
  eden space 126976K, 45% used [0x00000000eab00000,0x00000000ee362e88,0x00000000f2700000)
  from space 10240K, 99% used [0x00000000f2700000,0x00000000f30e7aa0,0x00000000f3100000)
  to   space 11776K, 0% used [0x00000000f6380000,0x00000000f6380000,0x00000000f6f00000)
 ParOldGen       total 58368K, used 11830K [0x00000000c0000000, 0x00000000c3900000, 0x00000000eab00000)
  object space 58368K, 20% used [0x00000000c0000000,0x00000000c0b8dac8,0x00000000c3900000)
 Metaspace       used 34281K, capacity 35354K, committed 35416K, reserved 1079296K
  class space    used 4501K, capacity 4930K, committed 4992K, reserved 1048576K
Event: 20.012 GC heap after
Heap after GC invocations=13 (full 1):
 PSYoungGen      total 187904K, used 8491K [0x00000000eab00000, 0x00000000f7080000, 0x0000000100000000)
  eden space 176128K, 0% used [0x00000000eab00000,0x00000000eab00000,0x00000000f5700000)
  from space 11776K, 72% used [0x00000000f6380000,0x00000000f6bcadc0,0x00000000f6f00000)
  to   space 12800K, 0% used [0x00000000f5700000,0x00000000f5700000,0x00000000f6380000)
 ParOldGen       total 58368K, used 17583K [0x00000000c0000000, 0x00000000c3900000, 0x00000000eab00000)
  object space 58368K, 30% used [0x00000000c0000000,0x00000000c112be40,0x00000000c3900000)
 Metaspace       used 34281K, capacity 35354K, committed 35416K, reserved 1079296K
  class space    used 4501K, capacity 4930K, committed 4992K, reserved 1048576K
}
Event: 20.012 GC heap before
{Heap before GC invocations=14 (full 2):
 PSYoungGen      total 187904K, used 8491K [0x00000000eab00000, 0x00000000f7080000, 0x0000000100000000)
  eden space 176128K, 0% used [0x00000000eab00000,0x00000000eab00000,0x00000000f5700000)
  from space 11776K, 72% used [0x00000000f6380000,0x00000000f6bcadc0,0x00000000f6f00000)
  to   space 12800K, 0% used [0x00000000f5700000,0x00000000f5700000,0x00000000f6380000)
 ParOldGen       total 58368K, used 17583K [0x00000000c0000000, 0x00000000c3900000, 0x00000000eab00000)
  object space 58368K, 30% used [0x00000000c0000000,0x00000000c112be40,0x00000000c3900000)
 Metaspace       used 34281K, capacity 35354K, committed 35416K, reserved 1079296K
  class space    used 4501K, capacity 4930K, committed 4992K, reserved 1048576K
Event: 20.335 GC heap after
Heap after GC invocations=14 (full 2):
 PSYoungGen      total 187904K, used 0K [0x00000000eab00000, 0x00000000f7080000, 0x0000000100000000)
  eden space 176128K, 0% used [0x00000000eab00000,0x00000000eab00000,0x00000000f5700000)
  from space 11776K, 0% used [0x00000000f6380000,0x00000000f6380000,0x00000000f6f00000)
  to   space 12800K, 0% used [0x00000000f5700000,0x00000000f5700000,0x00000000f6380000)
 ParOldGen       total 101376K, used 23873K [0x00000000c0000000, 0x00000000c6300000, 0x00000000eab00000)
  object space 101376K, 23% used [0x00000000c0000000,0x00000000c1750510,0x00000000c6300000)
 Metaspace       used 34281K, capacity 35354K, committed 35416K, reserved 1079296K
  class space    used 4501K, capacity 4930K, committed 4992K, reserved 1048576K
}
Event: 28.306 GC heap before
{Heap before GC invocations=15 (full 2):
 PSYoungGen      total 187904K, used 176128K [0x00000000eab00000, 0x00000000f7080000, 0x0000000100000000)
  eden space 176128K, 100% used [0x00000000eab00000,0x00000000f5700000,0x00000000f5700000)
  from space 11776K, 0% used [0x00000000f6380000,0x00000000f6380000,0x00000000f6f00000)
  to   space 12800K, 0% used [0x00000000f5700000,0x00000000f5700000,0x00000000f6380000)
 ParOldGen       total 101376K, used 23873K [0x00000000c0000000, 0x00000000c6300000, 0x00000000eab00000)
  object space 101376K, 23% used [0x00000000c0000000,0x00000000c1750510,0x00000000c6300000)
 Metaspace       used 40229K, capacity 41604K, committed 41688K, reserved 1085440K
  class space    used 5383K, capacity 5870K, committed 5888K, reserved 1048576K
Event: 28.446 GC heap after
Heap after GC invocations=15 (full 2):
 PSYoungGen      total 188928K, used 12790K [0x00000000eab00000, 0x00000000fa980000, 0x0000000100000000)
  eden space 176128K, 0% used [0x00000000eab00000,0x00000000eab00000,0x00000000f5700000)
  from space 12800K, 99% used [0x00000000f5700000,0x00000000f637d920,0x00000000f6380000)
  to   space 17408K, 0% used [0x00000000f9880000,0x00000000f9880000,0x00000000fa980000)
 ParOldGen       total 101376K, used 31825K [0x00000000c0000000, 0x00000000c6300000, 0x00000000eab00000)
  object space 101376K, 31% used [0x00000000c0000000,0x00000000c1f14508,0x00000000c6300000)
 Metaspace       used 40229K, capacity 41604K, committed 41688K, reserved 1085440K
  class space    used 5383K, capacity 5870K, committed 5888K, reserved 1048576K
}
Event: 33.206 GC heap before
{Heap before GC invocations=16 (full 2):
 PSYoungGen      total 188928K, used 132133K [0x00000000eab00000, 0x00000000fa980000, 0x0000000100000000)
  eden space 176128K, 67% used [0x00000000eab00000,0x00000000f1f8baf0,0x00000000f5700000)
  from space 12800K, 99% used [0x00000000f5700000,0x00000000f637d920,0x00000000f6380000)
  to   space 17408K, 0% used [0x00000000f9880000,0x00000000f9880000,0x00000000fa980000)
 ParOldGen       total 101376K, used 31825K [0x00000000c0000000, 0x00000000c6300000, 0x00000000eab00000)
  object space 101376K, 31% used [0x00000000c0000000,0x00000000c1f14508,0x00000000c6300000)
 Metaspace       used 44836K, capacity 47054K, committed 47320K, reserved 1089536K
  class space    used 6103K, capacity 6882K, committed 6912K, reserved 1048576K
Event: 33.320 GC heap after
Heap after GC invocations=16 (full 2):
 PSYoungGen      total 241152K, used 14792K [0x00000000eab00000, 0x00000000fad80000, 0x0000000100000000)
  eden space 223744K, 0% used [0x00000000eab00000,0x00000000eab00000,0x00000000f8580000)
  from space 17408K, 84% used [0x00000000f9880000,0x00000000fa6f2260,0x00000000fa980000)
  to   space 19456K, 0% used [0x00000000f8580000,0x00000000f8580000,0x00000000f9880000)
 ParOldGen       total 101376K, used 43231K [0x00000000c0000000, 0x00000000c6300000, 0x00000000eab00000)
  object space 101376K, 42% used [0x00000000c0000000,0x00000000c2a37d58,0x00000000c6300000)
 Metaspace       used 44836K, capacity 47054K, committed 47320K, reserved 1089536K
  class space    used 6103K, capacity 6882K, committed 6912K, reserved 1048576K
}
Event: 33.321 GC heap before
{Heap before GC invocations=17 (full 3):
 PSYoungGen      total 241152K, used 14792K [0x00000000eab00000, 0x00000000fad80000, 0x0000000100000000)
  eden space 223744K, 0% used [0x00000000eab00000,0x00000000eab00000,0x00000000f8580000)
  from space 17408K, 84% used [0x00000000f9880000,0x00000000fa6f2260,0x00000000fa980000)
  to   space 19456K, 0% used [0x00000000f8580000,0x00000000f8580000,0x00000000f9880000)
 ParOldGen       total 101376K, used 43231K [0x00000000c0000000, 0x00000000c6300000, 0x00000000eab00000)
  object space 101376K, 42% used [0x00000000c0000000,0x00000000c2a37d58,0x00000000c6300000)
 Metaspace       used 44836K, capacity 47054K, committed 47320K, reserved 1089536K
  class space    used 6103K, capacity 6882K, committed 6912K, reserved 1048576K
Event: 33.919 GC heap after
Heap after GC invocations=17 (full 3):
 PSYoungGen      total 241152K, used 0K [0x00000000eab00000, 0x00000000fad80000, 0x0000000100000000)
  eden space 223744K, 0% used [0x00000000eab00000,0x00000000eab00000,0x00000000f8580000)
  from space 17408K, 0% used [0x00000000f9880000,0x00000000f9880000,0x00000000fa980000)
  to   space 19456K, 0% used [0x00000000f8580000,0x00000000f8580000,0x00000000f9880000)
 ParOldGen       total 101376K, used 49085K [0x00000000c0000000, 0x00000000c6300000, 0x00000000eab00000)
  object space 101376K, 48% used [0x00000000c0000000,0x00000000c2fef640,0x00000000c6300000)
 Metaspace       used 44757K, capacity 46826K, committed 47320K, reserved 1089536K
  class space    used 6088K, capacity 6814K, committed 6912K, reserved 1048576K
}

