# JRE version: Java(TM) SE Runtime Environment (7.0_79-b15) (build 1.7.0_79-b15)
# Java VM: Java HotSpot(TM) 64-Bit Server VM (24.79-b02 mixed mode windows-amd64 compressed oops)
Heap
 PSYoungGen      total 273920K, used 22238K [0x00000000eaa80000, 0x00000000ffe80000, 0x0000000100000000)
  eden space 201216K, 11% used [0x00000000eaa80000,0x00000000ec037a00,0x00000000f6f00000)
  from space 72704K, 0% used [0x00000000f6f00000,0x00000000f6f00000,0x00000000fb600000)
  to   space 72704K, 0% used [0x00000000fb780000,0x00000000fb780000,0x00000000ffe80000)
 ParOldGen       total 261632K, used 59803K [0x00000000c0000000, 0x00000000cff80000, 0x00000000eaa80000)
  object space 261632K, 22% used [0x00000000c0000000,0x00000000c3a66f58,0x00000000cff80000)
 PSPermGen       total 72704K, used 61218K [0x00000000b0000000, 0x00000000b4700000, 0x00000000c0000000)
  object space 72704K, 84% used [0x00000000b0000000,0x00000000b3bc8900,0x00000000b4700000)
GC Heap History (10 events):
Event: 48856.164 GC heap before
{Heap before GC invocations=81 (full 15):
 PSYoungGen      total 261632K, used 221026K [0x00000000eaa80000, 0x00000000ff700000, 0x0000000100000000)
  eden space 190464K, 100% used [0x00000000eaa80000,0x00000000f6480000,0x00000000f6480000)
  from space 71168K, 42% used [0x00000000f6480000,0x00000000f8258840,0x00000000faa00000)
  to   space 69120K, 0% used [0x00000000fb380000,0x00000000fb380000,0x00000000ff700000)
 ParOldGen       total 261632K, used 67117K [0x00000000c0000000, 0x00000000cff80000, 0x00000000eaa80000)
  object space 261632K, 25% used [0x00000000c0000000,0x00000000c418b448,0x00000000cff80000)
 PSPermGen       total 73728K, used 61163K [0x00000000b0000000, 0x00000000b4800000, 0x00000000c0000000)
  object space 73728K, 82% used [0x00000000b0000000,0x00000000b3bbac90,0x00000000b4800000)
Event: 48856.238 GC heap after
Heap after GC invocations=81 (full 15):
 PSYoungGen      total 269312K, used 41664K [0x00000000eaa80000, 0x0000000100000000, 0x0000000100000000)
  eden space 200192K, 0% used [0x00000000eaa80000,0x00000000eaa80000,0x00000000f6e00000)
  from space 69120K, 60% used [0x00000000fb380000,0x00000000fdc30000,0x00000000ff700000)
  to   space 71168K, 0% used [0x00000000f6e00000,0x00000000f6e00000,0x00000000fb380000)
 ParOldGen       total 261632K, used 68813K [0x00000000c0000000, 0x00000000cff80000, 0x00000000eaa80000)
  object space 261632K, 26% used [0x00000000c0000000,0x00000000c4333610,0x00000000cff80000)
 PSPermGen       total 73728K, used 61163K [0x00000000b0000000, 0x00000000b4800000, 0x00000000c0000000)
  object space 73728K, 82% used [0x00000000b0000000,0x00000000b3bbac90,0x00000000b4800000)
}
Event: 48856.788 GC heap before
{Heap before GC invocations=82 (full 15):
 PSYoungGen      total 269312K, used 241856K [0x00000000eaa80000, 0x0000000100000000, 0x0000000100000000)
  eden space 200192K, 100% used [0x00000000eaa80000,0x00000000f6e00000,0x00000000f6e00000)
  from space 69120K, 60% used [0x00000000fb380000,0x00000000fdc30000,0x00000000ff700000)
  to   space 71168K, 0% used [0x00000000f6e00000,0x00000000f6e00000,0x00000000fb380000)
 ParOldGen       total 261632K, used 68813K [0x00000000c0000000, 0x00000000cff80000, 0x00000000eaa80000)
  object space 261632K, 26% used [0x00000000c0000000,0x00000000c4333610,0x00000000cff80000)
 PSPermGen       total 73728K, used 61163K [0x00000000b0000000, 0x00000000b4800000, 0x00000000c0000000)
  object space 73728K, 82% used [0x00000000b0000000,0x00000000b3bbaf98,0x00000000b4800000)
Event: 48856.919 GC heap after
Heap after GC invocations=82 (full 15):
 PSYoungGen      total 271360K, used 49760K [0x00000000eaa80000, 0x0000000100000000, 0x0000000100000000)
  eden space 200192K, 0% used [0x00000000eaa80000,0x00000000eaa80000,0x00000000f6e00000)
  from space 71168K, 69% used [0x00000000f6e00000,0x00000000f9e98000,0x00000000fb380000)
  to   space 75776K, 0% used [0x00000000fb600000,0x00000000fb600000,0x0000000100000000)
 ParOldGen       total 261632K, used 105576K [0x00000000c0000000, 0x00000000cff80000, 0x00000000eaa80000)
  object space 261632K, 40% used [0x00000000c0000000,0x00000000c671a008,0x00000000cff80000)
 PSPermGen       total 73728K, used 61163K [0x00000000b0000000, 0x00000000b4800000, 0x00000000c0000000)
  object space 73728K, 82% used [0x00000000b0000000,0x00000000b3bbaf98,0x00000000b4800000)
}
Event: 48857.370 GC heap before
{Heap before GC invocations=83 (full 15):
 PSYoungGen      total 271360K, used 249952K [0x00000000eaa80000, 0x0000000100000000, 0x0000000100000000)
  eden space 200192K, 100% used [0x00000000eaa80000,0x00000000f6e00000,0x00000000f6e00000)
  from space 71168K, 69% used [0x00000000f6e00000,0x00000000f9e98000,0x00000000fb380000)
  to   space 75776K, 0% used [0x00000000fb600000,0x00000000fb600000,0x0000000100000000)
 ParOldGen       total 261632K, used 105576K [0x00000000c0000000, 0x00000000cff80000, 0x00000000eaa80000)
  object space 261632K, 40% used [0x00000000c0000000,0x00000000c671a008,0x00000000cff80000)
 PSPermGen       total 73728K, used 61163K [0x00000000b0000000, 0x00000000b4800000, 0x00000000c0000000)
  object space 73728K, 82% used [0x00000000b0000000,0x00000000b3bbaf98,0x00000000b4800000)
Event: 48857.502 GC heap after
Heap after GC invocations=83 (full 15):
 PSYoungGen      total 275456K, used 16896K [0x00000000eaa80000, 0x00000000ffe80000, 0x0000000100000000)
  eden space 201216K, 0% used [0x00000000eaa80000,0x00000000eaa80000,0x00000000f6f00000)
  from space 74240K, 22% used [0x00000000fb600000,0x00000000fc680000,0x00000000ffe80000)
  to   space 72704K, 0% used [0x00000000f6f00000,0x00000000f6f00000,0x00000000fb600000)
 ParOldGen       total 261632K, used 152596K [0x00000000c0000000, 0x00000000cff80000, 0x00000000eaa80000)
  object space 261632K, 58% used [0x00000000c0000000,0x00000000c9505288,0x00000000cff80000)
 PSPermGen       total 73728K, used 61163K [0x00000000b0000000, 0x00000000b4800000, 0x00000000c0000000)
  object space 73728K, 82% used [0x00000000b0000000,0x00000000b3bbaf98,0x00000000b4800000)
}
Event: 48919.816 GC heap before
{Heap before GC invocations=84 (full 15):
 PSYoungGen      total 275456K, used 193545K [0x00000000eaa80000, 0x00000000ffe80000, 0x0000000100000000)
  eden space 201216K, 87% used [0x00000000eaa80000,0x00000000f57027e0,0x00000000f6f00000)
  from space 74240K, 22% used [0x00000000fb600000,0x00000000fc680000,0x00000000ffe80000)
  to   space 72704K, 0% used [0x00000000f6f00000,0x00000000f6f00000,0x00000000fb600000)
 ParOldGen       total 261632K, used 152596K [0x00000000c0000000, 0x00000000cff80000, 0x00000000eaa80000)
  object space 261632K, 58% used [0x00000000c0000000,0x00000000c9505288,0x00000000cff80000)
 PSPermGen       total 73728K, used 61183K [0x00000000b0000000, 0x00000000b4800000, 0x00000000c0000000)
  object space 73728K, 82% used [0x00000000b0000000,0x00000000b3bbfdd8,0x00000000b4800000)
Event: 48919.850 GC heap after
Heap after GC invocations=84 (full 15):
 PSYoungGen      total 273920K, used 1664K [0x00000000eaa80000, 0x00000000ffe80000, 0x0000000100000000)
  eden space 201216K, 0% used [0x00000000eaa80000,0x00000000eaa80000,0x00000000f6f00000)
  from space 72704K, 2% used [0x00000000f6f00000,0x00000000f70a0000,0x00000000fb600000)
  to   space 72704K, 0% used [0x00000000fb780000,0x00000000fb780000,0x00000000ffe80000)
 ParOldGen       total 261632K, used 163372K [0x00000000c0000000, 0x00000000cff80000, 0x00000000eaa80000)
  object space 261632K, 62% used [0x00000000c0000000,0x00000000c9f8b288,0x00000000cff80000)
 PSPermGen       total 73728K, used 61183K [0x00000000b0000000, 0x00000000b4800000, 0x00000000c0000000)
  object space 73728K, 82% used [0x00000000b0000000,0x00000000b3bbfdd8,0x00000000b4800000)
}
Event: 48919.851 GC heap before
{Heap before GC invocations=85 (full 16):
 PSYoungGen      total 273920K, used 1664K [0x00000000eaa80000, 0x00000000ffe80000, 0x0000000100000000)
  eden space 201216K, 0% used [0x00000000eaa80000,0x00000000eaa80000,0x00000000f6f00000)
  from space 72704K, 2% used [0x00000000f6f00000,0x00000000f70a0000,0x00000000fb600000)
  to   space 72704K, 0% used [0x00000000fb780000,0x00000000fb780000,0x00000000ffe80000)
 ParOldGen       total 261632K, used 163372K [0x00000000c0000000, 0x00000000cff80000, 0x00000000eaa80000)
  object space 261632K, 62% used [0x00000000c0000000,0x00000000c9f8b288,0x00000000cff80000)
 PSPermGen       total 73728K, used 61183K [0x00000000b0000000, 0x00000000b4800000, 0x00000000c0000000)
  object space 73728K, 82% used [0x00000000b0000000,0x00000000b3bbfdd8,0x00000000b4800000)
Event: 48920.228 GC heap after
Heap after GC invocations=85 (full 16):
 PSYoungGen      total 273920K, used 0K [0x00000000eaa80000, 0x00000000ffe80000, 0x0000000100000000)
  eden space 201216K, 0% used [0x00000000eaa80000,0x00000000eaa80000,0x00000000f6f00000)
  from space 72704K, 0% used [0x00000000f6f00000,0x00000000f6f00000,0x00000000fb600000)
  to   space 72704K, 0% used [0x00000000fb780000,0x00000000fb780000,0x00000000ffe80000)
 ParOldGen       total 261632K, used 59803K [0x00000000c0000000, 0x00000000cff80000, 0x00000000eaa80000)
  object space 261632K, 22% used [0x00000000c0000000,0x00000000c3a66f58,0x00000000cff80000)
 PSPermGen       total 72704K, used 61183K [0x00000000b0000000, 0x00000000b4700000, 0x00000000c0000000)
  object space 72704K, 84% used [0x00000000b0000000,0x00000000b3bbfd18,0x00000000b4700000)
}

