# JRE version: Java(TM) SE Runtime Environment (8.0_91-b15) (build 1.8.0_91-b15)
# Java VM: Java HotSpot(TM) 64-Bit Server VM (25.91-b15 mixed mode windows-amd64 compressed oops)
Heap:
 PSYoungGen      total 465920K, used 36597K [0x00000000d5580000, 0x0000000100000000, 0x0000000100000000)
  eden space 232960K, 0% used [0x00000000d5580000,0x00000000d5580000,0x00000000e3900000)
  from space 232960K, 15% used [0x00000000e3900000,0x00000000e5cbd4b8,0x00000000f1c80000)
  to   space 232960K, 0% used [0x00000000f1c80000,0x00000000f1c80000,0x0000000100000000)
 ParOldGen       total 949760K, used 936568K [0x0000000080000000, 0x00000000b9f80000, 0x00000000d5580000)
  object space 949760K, 98% used [0x0000000080000000,0x00000000b929e2c0,0x00000000b9f80000)
 Metaspace       used 121622K, capacity 128576K, committed 128896K, reserved 1163264K
  class space    used 14336K, capacity 15144K, committed 15232K, reserved 1048576K
GC Heap History (10 events):
Event: 19597.522 GC heap after
Heap after GC invocations=369 (full 49):
 PSYoungGen      total 465920K, used 13717K [0x00000000d5580000, 0x0000000100000000, 0x0000000100000000)
  eden space 232960K, 0% used [0x00000000d5580000,0x00000000d5580000,0x00000000e3900000)
  from space 232960K, 5% used [0x00000000f1c80000,0x00000000f29e55d8,0x0000000100000000)
  to   space 232960K, 0% used [0x00000000e3900000,0x00000000e3900000,0x00000000f1c80000)
 ParOldGen       total 949760K, used 846099K [0x0000000080000000, 0x00000000b9f80000, 0x00000000d5580000)
  object space 949760K, 89% used [0x0000000080000000,0x00000000b3a44f88,0x00000000b9f80000)
 Metaspace       used 117455K, capacity 124276K, committed 128384K, reserved 1163264K
  class space    used 13839K, capacity 14636K, committed 15232K, reserved 1048576K
}
Event: 19597.522 GC heap before
{Heap before GC invocations=370 (full 50):
 PSYoungGen      total 465920K, used 13717K [0x00000000d5580000, 0x0000000100000000, 0x0000000100000000)
  eden space 232960K, 0% used [0x00000000d5580000,0x00000000d5580000,0x00000000e3900000)
  from space 232960K, 5% used [0x00000000f1c80000,0x00000000f29e55d8,0x0000000100000000)
  to   space 232960K, 0% used [0x00000000e3900000,0x00000000e3900000,0x00000000f1c80000)
 ParOldGen       total 949760K, used 846099K [0x0000000080000000, 0x00000000b9f80000, 0x00000000d5580000)
  object space 949760K, 89% used [0x0000000080000000,0x00000000b3a44f88,0x00000000b9f80000)
 Metaspace       used 117455K, capacity 124276K, committed 128384K, reserved 1163264K
  class space    used 13839K, capacity 14636K, committed 15232K, reserved 1048576K
Event: 19601.208 GC heap after
Heap after GC invocations=370 (full 50):
 PSYoungGen      total 465920K, used 0K [0x00000000d5580000, 0x0000000100000000, 0x0000000100000000)
  eden space 232960K, 0% used [0x00000000d5580000,0x00000000d5580000,0x00000000e3900000)
  from space 232960K, 0% used [0x00000000f1c80000,0x00000000f1c80000,0x0000000100000000)
  to   space 232960K, 0% used [0x00000000e3900000,0x00000000e3900000,0x00000000f1c80000)
 ParOldGen       total 949760K, used 839085K [0x0000000080000000, 0x00000000b9f80000, 0x00000000d5580000)
  object space 949760K, 88% used [0x0000000080000000,0x00000000b336b6a0,0x00000000b9f80000)
 Metaspace       used 117455K, capacity 124276K, committed 128384K, reserved 1163264K
  class space    used 13839K, capacity 14636K, committed 15232K, reserved 1048576K
}
Event: 29489.637 GC heap before
{Heap before GC invocations=371 (full 50):
 PSYoungGen      total 465920K, used 232960K [0x00000000d5580000, 0x0000000100000000, 0x0000000100000000)
  eden space 232960K, 100% used [0x00000000d5580000,0x00000000e3900000,0x00000000e3900000)
  from space 232960K, 0% used [0x00000000f1c80000,0x00000000f1c80000,0x0000000100000000)
  to   space 232960K, 0% used [0x00000000e3900000,0x00000000e3900000,0x00000000f1c80000)
 ParOldGen       total 949760K, used 839085K [0x0000000080000000, 0x00000000b9f80000, 0x00000000d5580000)
  object space 949760K, 88% used [0x0000000080000000,0x00000000b336b6a0,0x00000000b9f80000)
 Metaspace       used 117510K, capacity 124364K, committed 128384K, reserved 1163264K
  class space    used 13847K, capacity 14644K, committed 15232K, reserved 1048576K
Event: 29490.225 GC heap after
Heap after GC invocations=371 (full 50):
 PSYoungGen      total 465920K, used 22325K [0x00000000d5580000, 0x0000000100000000, 0x0000000100000000)
  eden space 232960K, 0% used [0x00000000d5580000,0x00000000d5580000,0x00000000e3900000)
  from space 232960K, 9% used [0x00000000e3900000,0x00000000e4ecd6e8,0x00000000f1c80000)
  to   space 232960K, 0% used [0x00000000f1c80000,0x00000000f1c80000,0x0000000100000000)
 ParOldGen       total 949760K, used 839085K [0x0000000080000000, 0x00000000b9f80000, 0x00000000d5580000)
  object space 949760K, 88% used [0x0000000080000000,0x00000000b336b6a0,0x00000000b9f80000)
 Metaspace       used 117510K, capacity 124364K, committed 128384K, reserved 1163264K
  class space    used 13847K, capacity 14644K, committed 15232K, reserved 1048576K
}
Event: 29492.318 GC heap before
{Heap before GC invocations=372 (full 50):
 PSYoungGen      total 465920K, used 255285K [0x00000000d5580000, 0x0000000100000000, 0x0000000100000000)
  eden space 232960K, 100% used [0x00000000d5580000,0x00000000e3900000,0x00000000e3900000)
  from space 232960K, 9% used [0x00000000e3900000,0x00000000e4ecd6e8,0x00000000f1c80000)
  to   space 232960K, 0% used [0x00000000f1c80000,0x00000000f1c80000,0x0000000100000000)
 ParOldGen       total 949760K, used 839085K [0x0000000080000000, 0x00000000b9f80000, 0x00000000d5580000)
  object space 949760K, 88% used [0x0000000080000000,0x00000000b336b6a0,0x00000000b9f80000)
 Metaspace       used 121621K, capacity 128576K, committed 128896K, reserved 1163264K
  class space    used 14336K, capacity 15144K, committed 15232K, reserved 1048576K
Event: 29492.602 GC heap after
Heap after GC invocations=372 (full 50):
 PSYoungGen      total 465920K, used 104912K [0x00000000d5580000, 0x0000000100000000, 0x0000000100000000)
  eden space 232960K, 0% used [0x00000000d5580000,0x00000000d5580000,0x00000000e3900000)
  from space 232960K, 45% used [0x00000000f1c80000,0x00000000f82f41d0,0x0000000100000000)
  to   space 232960K, 0% used [0x00000000e3900000,0x00000000e3900000,0x00000000f1c80000)
 ParOldGen       total 949760K, used 839093K [0x0000000080000000, 0x00000000b9f80000, 0x00000000d5580000)
  object space 949760K, 88% used [0x0000000080000000,0x00000000b336d6a0,0x00000000b9f80000)
 Metaspace       used 121621K, capacity 128576K, committed 128896K, reserved 1163264K
  class space    used 14336K, capacity 15144K, committed 15232K, reserved 1048576K
}
Event: 29499.779 GC heap before
{Heap before GC invocations=373 (full 50):
 PSYoungGen      total 465920K, used 337872K [0x00000000d5580000, 0x0000000100000000, 0x0000000100000000)
  eden space 232960K, 100% used [0x00000000d5580000,0x00000000e3900000,0x00000000e3900000)
  from space 232960K, 45% used [0x00000000f1c80000,0x00000000f82f41d0,0x0000000100000000)
  to   space 232960K, 0% used [0x00000000e3900000,0x00000000e3900000,0x00000000f1c80000)
 ParOldGen       total 949760K, used 839093K [0x0000000080000000, 0x00000000b9f80000, 0x00000000d5580000)
  object space 949760K, 88% used [0x0000000080000000,0x00000000b336d6a0,0x00000000b9f80000)
 Metaspace       used 121622K, capacity 128576K, committed 128896K, reserved 1163264K
  class space    used 14336K, capacity 15144K, committed 15232K, reserved 1048576K
Event: 29500.173 GC heap after
Heap after GC invocations=373 (full 50):
 PSYoungGen      total 465920K, used 36597K [0x00000000d5580000, 0x0000000100000000, 0x0000000100000000)
  eden space 232960K, 0% used [0x00000000d5580000,0x00000000d5580000,0x00000000e3900000)
  from space 232960K, 15% used [0x00000000e3900000,0x00000000e5cbd4b8,0x00000000f1c80000)
  to   space 232960K, 0% used [0x00000000f1c80000,0x00000000f1c80000,0x0000000100000000)
 ParOldGen       total 949760K, used 936568K [0x0000000080000000, 0x00000000b9f80000, 0x00000000d5580000)
  object space 949760K, 98% used [0x0000000080000000,0x00000000b929e2c0,0x00000000b9f80000)
 Metaspace       used 121622K, capacity 128576K, committed 128896K, reserved 1163264K
  class space    used 14336K, capacity 15144K, committed 15232K, reserved 1048576K
}
Event: 29500.173 GC heap before
{Heap before GC invocations=374 (full 51):
 PSYoungGen      total 465920K, used 36597K [0x00000000d5580000, 0x0000000100000000, 0x0000000100000000)
  eden space 232960K, 0% used [0x00000000d5580000,0x00000000d5580000,0x00000000e3900000)
  from space 232960K, 15% used [0x00000000e3900000,0x00000000e5cbd4b8,0x00000000f1c80000)
  to   space 232960K, 0% used [0x00000000f1c80000,0x00000000f1c80000,0x0000000100000000)
 ParOldGen       total 949760K, used 936568K [0x0000000080000000, 0x00000000b9f80000, 0x00000000d5580000)
  object space 949760K, 98% used [0x0000000080000000,0x00000000b929e2c0,0x00000000b9f80000)
 Metaspace       used 121622K, capacity 128576K, committed 128896K, reserved 1163264K
  class space    used 14336K, capacity 15144K, committed 15232K, reserved 1048576K

